============================== Mace4 =================================
Mace4 (64) version 2009-11A, November 2009.
Process 534 was started by takizawa on DESKTOP-L5LN107,
Thu Jan 15 15:32:27 2026
The command was "./mace4 -f mace.in".
============================== end of head ===========================

============================== INPUT =================================

% Reading from file mace.in

assign(max_seconds,20).

formulas(theory).
(all x Q(x,x)).
(all y all x all z (P(x,y) & Q(y,z) -> Q(x,z))).
(all x all y (P(x,y) -> P(s(x),s(y)))).
(all x all y all x_2 (P(x,y) -> P(cons(x,x_2),cons(y,x_2)))).
(all x all x_1 all y (P(x,y) -> P(cons(x_1,x),cons(x_1,y)))).
(all x all y all x_2 (P(x,y) -> P(f(x,x_2),f(y,x_2)))).
(all x all x_1 all y (P(x,y) -> P(f(x_1,x),f(x_1,y)))).
(all x all y all x_2 (P(x,y) -> P(process(x,x_2),process(y,x_2)))).
(all x all x_1 all y (P(x,y) -> P(process(x_1,x),process(x_1,y)))).
(all x all y all x_2 (P(x,y) -> P(sndsplit(x,x_2),sndsplit(y,x_2)))).
(all x all x_1 all y (P(x,y) -> P(sndsplit(x_1,x),sndsplit(x_1,y)))).
(all x all y all x_2 (P(x,y) -> P(leq(x,x_2),leq(y,x_2)))).
(all x all x_1 all y (P(x,y) -> P(leq(x_1,x),leq(x_1,y)))).
(all x all y (P(x,y) -> P(length(x),length(y)))).
(all x all y (P(x,y) -> P(empty(x),empty(y)))).
(all x all y all x_2 (P(x,y) -> P(fstsplit(x,x_2),fstsplit(y,x_2)))).
(all x all x_1 all y (P(x,y) -> P(fstsplit(x_1,x),fstsplit(x_1,y)))).
(all x all y all x_2 (P(x,y) -> P(app(x,x_2),app(y,x_2)))).
(all x all x_1 all y (P(x,y) -> P(app(x_1,x),app(x_1,y)))).
(all x all y all x_2 (P(x,y) -> P(map_f(x,x_2),map_f(y,x_2)))).
(all x all x_1 all y (P(x,y) -> P(map_f(x_1,x),map_f(x_1,y)))).
(all x_1 P(fstsplit($0,x_1),[])).
(all x_1 P(fstsplit(s(x_1),[]),[])).
(all x_1 all x_2 all x_3 P(fstsplit(s(x_2),cons(x_1,x_3)),cons(x_1,fstsplit(x_2,x_3)))).
(all x_1 P(sndsplit($0,x_1),x_1)).
(all x_1 P(sndsplit(s(x_1),[]),[])).
(all x_1 all x_2 all x_3 P(sndsplit(s(x_2),cons(x_1,x_3)),sndsplit(x_2,x_3))).
P(empty([]),$true).
(all x_1 all x_2 P(empty(cons(x_1,x_2)),$false)).
(all x_1 P(leq($0,x_1),$true)).
(all x_1 P(leq(s(x_1),$0),$false)).
(all x_1 all x_2 P(leq(s(x_1),s(x_2)),leq(x_1,x_2))).
P(length([]),$0).
(all x_1 all x_2 P(length(cons(x_1,x_2)),s(length(x_2)))).
(all x_1 P(app([],x_1),x_1)).
(all x_1 all x_2 all x_3 P(app(cons(x_1,x_2),x_3),cons(x_1,app(x_2,x_3)))).
(all x_1 P(map_f(x_1,[]),[])).
(all x_1 all x_2 all x_3 P(map_f(x_2,cons(x_1,x_3)),app(f(x_2,x_1),map_f(x_2,x_3)))).
(all x_1 all x_2 (Q(leq(x_2,length(x_1)),$true) & Q(empty(fstsplit(x_2,x_1)),$false) -> P(process(x_1,x_2),process(app(map_f($self,[]),sndsplit(x_2,x_1)),x_2)))).
(all x_1 all x_2 (Q(leq(x_2,length(x_1)),$false) & Q(empty(fstsplit(x_2,app(map_f($self,[]),x_1))),$false) -> P(process(x_1,x_2),process(sndsplit(x_2,app(map_f($self,[]),x_1)),x_2)))).
(all x_1 all x_2 (-Q(empty(fstsplit(x_1,app(map_f($self,[]),x_2))),$false) | -Q(leq(x_1,length(x_2)),$false) | -Q(empty(fstsplit(x_1,x_2)),$false) | -Q(leq(x_1,length(x_2)),$true))).
end_of_list.

============================== end of input ==========================

============================== PROCESS NON-CLAUSAL FORMULAS ==========

% Formulas that are not ordinary clauses:
1 (all x Q(x,x)) # label(non_clause).  [assumption].
2 (all y all x all z (P(x,y) & Q(y,z) -> Q(x,z))) # label(non_clause).  [assumption].
3 (all x all y (P(x,y) -> P(s(x),s(y)))) # label(non_clause).  [assumption].
4 (all x all y all x_2 (P(x,y) -> P(cons(x,x_2),cons(y,x_2)))) # label(non_clause).  [assumption].
5 (all x all x_1 all y (P(x,y) -> P(cons(x_1,x),cons(x_1,y)))) # label(non_clause).  [assumption].
6 (all x all y all x_2 (P(x,y) -> P(f(x,x_2),f(y,x_2)))) # label(non_clause).  [assumption].
7 (all x all x_1 all y (P(x,y) -> P(f(x_1,x),f(x_1,y)))) # label(non_clause).  [assumption].
8 (all x all y all x_2 (P(x,y) -> P(process(x,x_2),process(y,x_2)))) # label(non_clause).  [assumption].
9 (all x all x_1 all y (P(x,y) -> P(process(x_1,x),process(x_1,y)))) # label(non_clause).  [assumption].
10 (all x all y all x_2 (P(x,y) -> P(sndsplit(x,x_2),sndsplit(y,x_2)))) # label(non_clause).  [assumption].
11 (all x all x_1 all y (P(x,y) -> P(sndsplit(x_1,x),sndsplit(x_1,y)))) # label(non_clause).  [assumption].
12 (all x all y all x_2 (P(x,y) -> P(leq(x,x_2),leq(y,x_2)))) # label(non_clause).  [assumption].
13 (all x all x_1 all y (P(x,y) -> P(leq(x_1,x),leq(x_1,y)))) # label(non_clause).  [assumption].
14 (all x all y (P(x,y) -> P(length(x),length(y)))) # label(non_clause).  [assumption].
15 (all x all y (P(x,y) -> P(empty(x),empty(y)))) # label(non_clause).  [assumption].
16 (all x all y all x_2 (P(x,y) -> P(fstsplit(x,x_2),fstsplit(y,x_2)))) # label(non_clause).  [assumption].
17 (all x all x_1 all y (P(x,y) -> P(fstsplit(x_1,x),fstsplit(x_1,y)))) # label(non_clause).  [assumption].
18 (all x all y all x_2 (P(x,y) -> P(app(x,x_2),app(y,x_2)))) # label(non_clause).  [assumption].
19 (all x all x_1 all y (P(x,y) -> P(app(x_1,x),app(x_1,y)))) # label(non_clause).  [assumption].
20 (all x all y all x_2 (P(x,y) -> P(map_f(x,x_2),map_f(y,x_2)))) # label(non_clause).  [assumption].
21 (all x all x_1 all y (P(x,y) -> P(map_f(x_1,x),map_f(x_1,y)))) # label(non_clause).  [assumption].
22 (all x_1 P(fstsplit($0,x_1),[])) # label(non_clause).  [assumption].
23 (all x_1 P(fstsplit(s(x_1),[]),[])) # label(non_clause).  [assumption].
24 (all x_1 all x_2 all x_3 P(fstsplit(s(x_2),cons(x_1,x_3)),cons(x_1,fstsplit(x_2,x_3)))) # label(non_clause).  [assumption].
25 (all x_1 P(sndsplit($0,x_1),x_1)) # label(non_clause).  [assumption].
26 (all x_1 P(sndsplit(s(x_1),[]),[])) # label(non_clause).  [assumption].
27 (all x_1 all x_2 all x_3 P(sndsplit(s(x_2),cons(x_1,x_3)),sndsplit(x_2,x_3))) # label(non_clause).  [assumption].
28 (all x_1 all x_2 P(empty(cons(x_1,x_2)),$false)) # label(non_clause).  [assumption].
29 (all x_1 P(leq($0,x_1),$true)) # label(non_clause).  [assumption].
30 (all x_1 P(leq(s(x_1),$0),$false)) # label(non_clause).  [assumption].
31 (all x_1 all x_2 P(leq(s(x_1),s(x_2)),leq(x_1,x_2))) # label(non_clause).  [assumption].
32 (all x_1 all x_2 P(length(cons(x_1,x_2)),s(length(x_2)))) # label(non_clause).  [assumption].
33 (all x_1 P(app([],x_1),x_1)) # label(non_clause).  [assumption].
34 (all x_1 all x_2 all x_3 P(app(cons(x_1,x_2),x_3),cons(x_1,app(x_2,x_3)))) # label(non_clause).  [assumption].
35 (all x_1 P(map_f(x_1,[]),[])) # label(non_clause).  [assumption].
36 (all x_1 all x_2 all x_3 P(map_f(x_2,cons(x_1,x_3)),app(f(x_2,x_1),map_f(x_2,x_3)))) # label(non_clause).  [assumption].
37 (all x_1 all x_2 (Q(leq(x_2,length(x_1)),$true) & Q(empty(fstsplit(x_2,x_1)),$false) -> P(process(x_1,x_2),process(app(map_f($self,[]),sndsplit(x_2,x_1)),x_2)))) # label(non_clause).  [assumption].
38 (all x_1 all x_2 (Q(leq(x_2,length(x_1)),$false) & Q(empty(fstsplit(x_2,app(map_f($self,[]),x_1))),$false) -> P(process(x_1,x_2),process(sndsplit(x_2,app(map_f($self,[]),x_1)),x_2)))) # label(non_clause).  [assumption].
39 (all x_1 all x_2 (-Q(empty(fstsplit(x_1,app(map_f($self,[]),x_2))),$false) | -Q(leq(x_1,length(x_2)),$false) | -Q(empty(fstsplit(x_1,x_2)),$false) | -Q(leq(x_1,length(x_2)),$true))) # label(non_clause).  [assumption].

============================== end of process non-clausal formulas ===

============================== CLAUSES FOR SEARCH ====================

formulas(mace4_clauses).
Q(x,x).
-P(x,y) | -Q(y,z) | Q(x,z).
-P(x,y) | P(s(x),s(y)).
-P(x,y) | P(cons(x,z),cons(y,z)).
-P(x,y) | P(cons(z,x),cons(z,y)).
-P(x,y) | P(f(x,z),f(y,z)).
-P(x,y) | P(f(z,x),f(z,y)).
-P(x,y) | P(process(x,z),process(y,z)).
-P(x,y) | P(process(z,x),process(z,y)).
-P(x,y) | P(sndsplit(x,z),sndsplit(y,z)).
-P(x,y) | P(sndsplit(z,x),sndsplit(z,y)).
-P(x,y) | P(leq(x,z),leq(y,z)).
-P(x,y) | P(leq(z,x),leq(z,y)).
-P(x,y) | P(length(x),length(y)).
-P(x,y) | P(empty(x),empty(y)).
-P(x,y) | P(fstsplit(x,z),fstsplit(y,z)).
-P(x,y) | P(fstsplit(z,x),fstsplit(z,y)).
-P(x,y) | P(app(x,z),app(y,z)).
-P(x,y) | P(app(z,x),app(z,y)).
-P(x,y) | P(map_f(x,z),map_f(y,z)).
-P(x,y) | P(map_f(z,x),map_f(z,y)).
P(fstsplit($0,x),[]).
P(fstsplit(s(x),[]),[]).
P(fstsplit(s(x),cons(y,z)),cons(y,fstsplit(x,z))).
P(sndsplit($0,x),x).
P(sndsplit(s(x),[]),[]).
P(sndsplit(s(x),cons(y,z)),sndsplit(x,z)).
P(empty([]),$true).
P(empty(cons(x,y)),$false).
P(leq($0,x),$true).
P(leq(s(x),$0),$false).
P(leq(s(x),s(y)),leq(x,y)).
P(length([]),$0).
P(length(cons(x,y)),s(length(y))).
P(app([],x),x).
P(app(cons(x,y),z),cons(x,app(y,z))).
P(map_f(x,[]),[]).
P(map_f(x,cons(y,z)),app(f(x,y),map_f(x,z))).
-Q(leq(x,length(y)),$true) | -Q(empty(fstsplit(x,y)),$false) | P(process(y,x),process(app(map_f($self,[]),sndsplit(x,y)),x)).
-Q(leq(x,length(y)),$false) | -Q(empty(fstsplit(x,app(map_f($self,[]),y))),$false) | P(process(y,x),process(sndsplit(x,app(map_f($self,[]),y)),x)).
-Q(empty(fstsplit(x,app(map_f($self,[]),y))),$false) | -Q(leq(x,length(y)),$false) | -Q(empty(fstsplit(x,y)),$false) | -Q(leq(x,length(y)),$true).
end_of_list.

============================== end of clauses for search =============

% There are no natural numbers in the input.

============================== DOMAIN SIZE 2 =========================

mace4_sig_handler: condition 2
============================== STATISTICS ============================

For domain size 2.

Current CPU time: 0.00 seconds (total CPU time: 0.02 seconds).
Ground clauses: seen=224, kept=220.
Selections=1475, assignments=2930, propagations=124, current_models=0.
Rewrite_terms=29978, rewrite_bools=14780, indexes=1026.
Rules_from_neg_clauses=0, cross_offs=0.

============================== end of statistics =====================

User_CPU=0.02, System_CPU=0.00, Wall_clock=0.

Exiting with failure.

Process 534 exit (mace_sigint) Thu Jan 15 15:32:27 2026
The process finished Thu Jan 15 15:32:27 2026
